{"C:\\Users\\elkin\\Documents\\GitHub\\math_and_beer_js\\app.js": {"path":"C:\\Users\\elkin\\Documents\\GitHub\\math_and_beer_js\\app.js","statementMap":{"0":{"start":{"line":1,"column":0},"end":{"line":1,"column":27}},"1":{"start":{"line":2,"column":16},"end":{"line":2,"column":34}},"2":{"start":{"line":3,"column":15},"end":{"line":3,"column":41}},"3":{"start":{"line":4,"column":20},"end":{"line":4,"column":40}},"4":{"start":{"line":5,"column":18},"end":{"line":5,"column":47}},"5":{"start":{"line":6,"column":13},"end":{"line":6,"column":28}},"6":{"start":{"line":7,"column":12},"end":{"line":7,"column":21}},"7":{"start":{"line":10,"column":0},"end":{"line":10,"column":16}},"8":{"start":{"line":11,"column":0},"end":{"line":11,"column":68}},"9":{"start":{"line":12,"column":0},"end":{"line":12,"column":24}},"10":{"start":{"line":13,"column":0},"end":{"line":13,"column":24}},"11":{"start":{"line":15,"column":0},"end":{"line":17,"column":2}},"12":{"start":{"line":16,"column":4},"end":{"line":16,"column":47}},"13":{"start":{"line":19,"column":0},"end":{"line":19,"column":21}}},"fnMap":{"0":{"name":"(anonymous_0)","decl":{"start":{"line":15,"column":13},"end":{"line":15,"column":14}},"loc":{"start":{"line":15,"column":27},"end":{"line":17,"column":1}},"line":15}},"branchMap":{},"s":{"0":2,"1":2,"2":2,"3":2,"4":2,"5":2,"6":2,"7":2,"8":2,"9":2,"10":2,"11":2,"12":0,"13":2},"f":{"0":0},"b":{},"_coverageSchema":"1a1c01bbd47fc00a2c39e90264f33305004495a9","hash":"32fe7730825c41dea31057e62ee4a75f94eb5a8b"}
,"C:\\Users\\elkin\\Documents\\GitHub\\math_and_beer_js\\swagger.js": {"path":"C:\\Users\\elkin\\Documents\\GitHub\\math_and_beer_js\\swagger.js","statementMap":{"0":{"start":{"line":1,"column":21},"end":{"line":1,"column":45}},"1":{"start":{"line":2,"column":18},"end":{"line":2,"column":47}},"2":{"start":{"line":4,"column":16},"end":{"line":19,"column":1}},"3":{"start":{"line":21,"column":20},"end":{"line":21,"column":41}},"4":{"start":{"line":23,"column":0},"end":{"line":23,"column":29}}},"fnMap":{},"branchMap":{},"s":{"0":2,"1":2,"2":2,"3":2,"4":2},"f":{},"b":{},"_coverageSchema":"1a1c01bbd47fc00a2c39e90264f33305004495a9","hash":"bf1aca7e79e9953a81618254b02ac5790817b827"}
,"C:\\Users\\elkin\\Documents\\GitHub\\math_and_beer_js\\controllers\\gameController.js": {"path":"C:\\Users\\elkin\\Documents\\GitHub\\math_and_beer_js\\controllers\\gameController.js","statementMap":{"0":{"start":{"line":1,"column":13},"end":{"line":1,"column":38}},"1":{"start":{"line":2,"column":15},"end":{"line":2,"column":42}},"2":{"start":{"line":3,"column":22},"end":{"line":3,"column":71}},"3":{"start":{"line":5,"column":0},"end":{"line":14,"column":1}},"4":{"start":{"line":6,"column":4},"end":{"line":13,"column":5}},"5":{"start":{"line":7,"column":27},"end":{"line":7,"column":45}},"6":{"start":{"line":8,"column":8},"end":{"line":8,"column":33}},"7":{"start":{"line":9,"column":8},"end":{"line":9,"column":30}},"8":{"start":{"line":11,"column":8},"end":{"line":11,"column":26}},"9":{"start":{"line":12,"column":8},"end":{"line":12,"column":45}},"10":{"start":{"line":16,"column":0},"end":{"line":25,"column":1}},"11":{"start":{"line":17,"column":4},"end":{"line":24,"column":5}},"12":{"start":{"line":18,"column":19},"end":{"line":18,"column":34}},"13":{"start":{"line":19,"column":22},"end":{"line":19,"column":59}},"14":{"start":{"line":20,"column":8},"end":{"line":20,"column":34}},"15":{"start":{"line":22,"column":8},"end":{"line":22,"column":26}},"16":{"start":{"line":23,"column":8},"end":{"line":23,"column":45}},"17":{"start":{"line":27,"column":0},"end":{"line":66,"column":1}},"18":{"start":{"line":28,"column":4},"end":{"line":65,"column":5}},"19":{"start":{"line":29,"column":58},"end":{"line":29,"column":66}},"20":{"start":{"line":31,"column":28},"end":{"line":31,"column":84}},"21":{"start":{"line":33,"column":8},"end":{"line":42,"column":9}},"22":{"start":{"line":34,"column":30},"end":{"line":39,"column":14}},"23":{"start":{"line":40,"column":12},"end":{"line":40,"column":36}},"24":{"start":{"line":41,"column":12},"end":{"line":41,"column":40}},"25":{"start":{"line":44,"column":21},"end":{"line":44,"column":26}},"26":{"start":{"line":46,"column":8},"end":{"line":50,"column":9}},"27":{"start":{"line":47,"column":12},"end":{"line":47,"column":50}},"28":{"start":{"line":49,"column":12},"end":{"line":49,"column":50}},"29":{"start":{"line":52,"column":8},"end":{"line":58,"column":9}},"30":{"start":{"line":53,"column":12},"end":{"line":57,"column":13}},"31":{"start":{"line":60,"column":8},"end":{"line":60,"column":59}},"32":{"start":{"line":63,"column":8},"end":{"line":63,"column":26}},"33":{"start":{"line":64,"column":8},"end":{"line":64,"column":45}},"34":{"start":{"line":68,"column":0},"end":{"line":83,"column":1}},"35":{"start":{"line":69,"column":4},"end":{"line":82,"column":5}},"36":{"start":{"line":71,"column":19},"end":{"line":71,"column":34}},"37":{"start":{"line":72,"column":8},"end":{"line":76,"column":9}},"38":{"start":{"line":73,"column":12},"end":{"line":73,"column":88}},"39":{"start":{"line":75,"column":12},"end":{"line":75,"column":89}},"40":{"start":{"line":77,"column":23},"end":{"line":77,"column":124}},"41":{"start":{"line":77,"column":52},"end":{"line":77,"column":122}},"42":{"start":{"line":78,"column":8},"end":{"line":78,"column":24}},"43":{"start":{"line":80,"column":8},"end":{"line":80,"column":26}},"44":{"start":{"line":81,"column":8},"end":{"line":81,"column":45}},"45":{"start":{"line":85,"column":0},"end":{"line":106,"column":1}},"46":{"start":{"line":86,"column":4},"end":{"line":105,"column":5}},"47":{"start":{"line":87,"column":28},"end":{"line":87,"column":57}},"48":{"start":{"line":88,"column":24},"end":{"line":99,"column":10}},"49":{"start":{"line":90,"column":12},"end":{"line":94,"column":13}},"50":{"start":{"line":91,"column":16},"end":{"line":91,"column":83}},"51":{"start":{"line":93,"column":16},"end":{"line":93,"column":84}},"52":{"start":{"line":95,"column":12},"end":{"line":98,"column":14}},"53":{"start":{"line":97,"column":58},"end":{"line":97,"column":128}},"54":{"start":{"line":100,"column":23},"end":{"line":100,"column":49}},"55":{"start":{"line":101,"column":8},"end":{"line":101,"column":25}},"56":{"start":{"line":103,"column":8},"end":{"line":103,"column":26}},"57":{"start":{"line":104,"column":8},"end":{"line":104,"column":45}}},"fnMap":{"0":{"name":"(anonymous_0)","decl":{"start":{"line":5,"column":21},"end":{"line":5,"column":22}},"loc":{"start":{"line":5,"column":41},"end":{"line":14,"column":1}},"line":5},"1":{"name":"(anonymous_1)","decl":{"start":{"line":16,"column":18},"end":{"line":16,"column":19}},"loc":{"start":{"line":16,"column":38},"end":{"line":25,"column":1}},"line":16},"2":{"name":"(anonymous_2)","decl":{"start":{"line":27,"column":31},"end":{"line":27,"column":32}},"loc":{"start":{"line":27,"column":51},"end":{"line":66,"column":1}},"line":27},"3":{"name":"(anonymous_3)","decl":{"start":{"line":68,"column":25},"end":{"line":68,"column":26}},"loc":{"start":{"line":68,"column":45},"end":{"line":83,"column":1}},"line":68},"4":{"name":"(anonymous_4)","decl":{"start":{"line":77,"column":39},"end":{"line":77,"column":40}},"loc":{"start":{"line":77,"column":52},"end":{"line":77,"column":122}},"line":77},"5":{"name":"(anonymous_5)","decl":{"start":{"line":85,"column":26},"end":{"line":85,"column":27}},"loc":{"start":{"line":85,"column":46},"end":{"line":106,"column":1}},"line":85},"6":{"name":"(anonymous_6)","decl":{"start":{"line":88,"column":40},"end":{"line":88,"column":41}},"loc":{"start":{"line":88,"column":56},"end":{"line":99,"column":9}},"line":88},"7":{"name":"(anonymous_7)","decl":{"start":{"line":97,"column":45},"end":{"line":97,"column":46}},"loc":{"start":{"line":97,"column":58},"end":{"line":97,"column":128}},"line":97}},"branchMap":{"0":{"loc":{"start":{"line":33,"column":8},"end":{"line":42,"column":9}},"type":"if","locations":[{"start":{"line":33,"column":8},"end":{"line":42,"column":9}},{"start":{},"end":{}}],"line":33},"1":{"loc":{"start":{"line":46,"column":8},"end":{"line":50,"column":9}},"type":"if","locations":[{"start":{"line":46,"column":8},"end":{"line":50,"column":9}},{"start":{"line":48,"column":15},"end":{"line":50,"column":9}}],"line":46},"2":{"loc":{"start":{"line":52,"column":8},"end":{"line":58,"column":9}},"type":"if","locations":[{"start":{"line":52,"column":8},"end":{"line":58,"column":9}},{"start":{},"end":{}}],"line":52},"3":{"loc":{"start":{"line":72,"column":8},"end":{"line":76,"column":9}},"type":"if","locations":[{"start":{"line":72,"column":8},"end":{"line":76,"column":9}},{"start":{"line":74,"column":15},"end":{"line":76,"column":9}}],"line":72},"4":{"loc":{"start":{"line":90,"column":12},"end":{"line":94,"column":13}},"type":"if","locations":[{"start":{"line":90,"column":12},"end":{"line":94,"column":13}},{"start":{"line":92,"column":19},"end":{"line":94,"column":13}}],"line":90}},"s":{"0":2,"1":2,"2":2,"3":2,"4":3,"5":3,"6":3,"7":3,"8":0,"9":0,"10":2,"11":1,"12":1,"13":1,"14":1,"15":0,"16":0,"17":2,"18":11,"19":11,"20":11,"21":11,"22":9,"23":9,"24":9,"25":2,"26":2,"27":2,"28":0,"29":2,"30":1,"31":2,"32":0,"33":0,"34":2,"35":1,"36":1,"37":1,"38":1,"39":0,"40":1,"41":2,"42":1,"43":0,"44":0,"45":2,"46":1,"47":1,"48":1,"49":2,"50":2,"51":0,"52":2,"53":4,"54":1,"55":1,"56":0,"57":0},"f":{"0":3,"1":1,"2":11,"3":1,"4":2,"5":1,"6":2,"7":4},"b":{"0":[9,2],"1":[2,0],"2":[1,1],"3":[1,0],"4":[2,0]},"_coverageSchema":"1a1c01bbd47fc00a2c39e90264f33305004495a9","hash":"9b04e34e6b0c980670896d7c40b29641a9f57ec4"}
,"C:\\Users\\elkin\\Documents\\GitHub\\math_and_beer_js\\controllers\\infoController.js": {"path":"C:\\Users\\elkin\\Documents\\GitHub\\math_and_beer_js\\controllers\\infoController.js","statementMap":{"0":{"start":{"line":1,"column":14},"end":{"line":1,"column":40}},"1":{"start":{"line":3,"column":0},"end":{"line":11,"column":1}},"2":{"start":{"line":4,"column":4},"end":{"line":10,"column":5}},"3":{"start":{"line":5,"column":22},"end":{"line":5,"column":40}},"4":{"start":{"line":6,"column":8},"end":{"line":6,"column":25}},"5":{"start":{"line":8,"column":8},"end":{"line":8,"column":26}},"6":{"start":{"line":9,"column":8},"end":{"line":9,"column":45}},"7":{"start":{"line":13,"column":0},"end":{"line":22,"column":1}},"8":{"start":{"line":14,"column":4},"end":{"line":21,"column":5}},"9":{"start":{"line":15,"column":26},"end":{"line":15,"column":45}},"10":{"start":{"line":16,"column":8},"end":{"line":16,"column":32}},"11":{"start":{"line":17,"column":8},"end":{"line":17,"column":29}},"12":{"start":{"line":19,"column":8},"end":{"line":19,"column":26}},"13":{"start":{"line":20,"column":8},"end":{"line":20,"column":45}}},"fnMap":{"0":{"name":"(anonymous_0)","decl":{"start":{"line":3,"column":20},"end":{"line":3,"column":21}},"loc":{"start":{"line":3,"column":40},"end":{"line":11,"column":1}},"line":3},"1":{"name":"(anonymous_1)","decl":{"start":{"line":13,"column":22},"end":{"line":13,"column":23}},"loc":{"start":{"line":13,"column":42},"end":{"line":22,"column":1}},"line":13}},"branchMap":{},"s":{"0":2,"1":2,"2":0,"3":0,"4":0,"5":0,"6":0,"7":2,"8":0,"9":0,"10":0,"11":0,"12":0,"13":0},"f":{"0":0,"1":0},"b":{},"_coverageSchema":"1a1c01bbd47fc00a2c39e90264f33305004495a9","hash":"1594d5a13f85cd3f2ee9d9a25e83380c5133fd73"}
,"C:\\Users\\elkin\\Documents\\GitHub\\math_and_beer_js\\models\\Event.js": {"path":"C:\\Users\\elkin\\Documents\\GitHub\\math_and_beer_js\\models\\Event.js","statementMap":{"0":{"start":{"line":1,"column":17},"end":{"line":1,"column":36}},"1":{"start":{"line":3,"column":21},"end":{"line":35,"column":2}},"2":{"start":{"line":37,"column":0},"end":{"line":37,"column":54}}},"fnMap":{},"branchMap":{},"s":{"0":2,"1":2,"2":2},"f":{},"b":{},"_coverageSchema":"1a1c01bbd47fc00a2c39e90264f33305004495a9","hash":"652962570e4edf9b0f2326eb5a09da00811f569f"}
,"C:\\Users\\elkin\\Documents\\GitHub\\math_and_beer_js\\models\\Record.js": {"path":"C:\\Users\\elkin\\Documents\\GitHub\\math_and_beer_js\\models\\Record.js","statementMap":{"0":{"start":{"line":1,"column":17},"end":{"line":1,"column":36}},"1":{"start":{"line":3,"column":21},"end":{"line":20,"column":2}},"2":{"start":{"line":22,"column":0},"end":{"line":22,"column":55}}},"fnMap":{},"branchMap":{},"s":{"0":2,"1":2,"2":2},"f":{},"b":{},"_coverageSchema":"1a1c01bbd47fc00a2c39e90264f33305004495a9","hash":"b4e585fa0646c49dca9d6257fd8d7653a21015d1"}
,"C:\\Users\\elkin\\Documents\\GitHub\\math_and_beer_js\\models\\User.js": {"path":"C:\\Users\\elkin\\Documents\\GitHub\\math_and_beer_js\\models\\User.js","statementMap":{"0":{"start":{"line":1,"column":17},"end":{"line":1,"column":36}},"1":{"start":{"line":3,"column":19},"end":{"line":12,"column":2}},"2":{"start":{"line":14,"column":0},"end":{"line":14,"column":51}}},"fnMap":{},"branchMap":{},"s":{"0":2,"1":2,"2":2},"f":{},"b":{},"_coverageSchema":"1a1c01bbd47fc00a2c39e90264f33305004495a9","hash":"2f2db28617e4e5d3e4ff54ff7ede1d5836bd6873"}
,"C:\\Users\\elkin\\Documents\\GitHub\\math_and_beer_js\\routes\\routes.js": {"path":"C:\\Users\\elkin\\Documents\\GitHub\\math_and_beer_js\\routes\\routes.js","statementMap":{"0":{"start":{"line":1,"column":16},"end":{"line":1,"column":34}},"1":{"start":{"line":2,"column":15},"end":{"line":2,"column":31}},"2":{"start":{"line":3,"column":23},"end":{"line":3,"column":63}},"3":{"start":{"line":4,"column":23},"end":{"line":4,"column":63}},"4":{"start":{"line":75,"column":0},"end":{"line":75,"column":54}},"5":{"start":{"line":100,"column":0},"end":{"line":100,"column":53}},"6":{"start":{"line":132,"column":0},"end":{"line":132,"column":58}},"7":{"start":{"line":159,"column":0},"end":{"line":159,"column":63}},"8":{"start":{"line":186,"column":0},"end":{"line":186,"column":59}},"9":{"start":{"line":188,"column":0},"end":{"line":188,"column":56}},"10":{"start":{"line":189,"column":0},"end":{"line":189,"column":47}},"11":{"start":{"line":191,"column":0},"end":{"line":191,"column":23}}},"fnMap":{},"branchMap":{},"s":{"0":2,"1":2,"2":2,"3":2,"4":2,"5":2,"6":2,"7":2,"8":2,"9":2,"10":2,"11":2},"f":{},"b":{},"_coverageSchema":"1a1c01bbd47fc00a2c39e90264f33305004495a9","hash":"d3460f36861aeec5c5b490becbc5219e4ed491f4"}
}
