TN:
SF:app.js
FN:15,(anonymous_0)
FNF:1
FNH:0
FNDA:0,(anonymous_0)
DA:1,2
DA:2,2
DA:3,2
DA:4,2
DA:5,2
DA:6,2
DA:7,2
DA:10,2
DA:11,2
DA:12,2
DA:13,2
DA:15,2
DA:16,0
DA:19,2
LF:14
LH:13
BRF:0
BRH:0
end_of_record
TN:
SF:swagger.js
FNF:0
FNH:0
DA:1,2
DA:2,2
DA:4,2
DA:21,2
DA:23,2
LF:5
LH:5
BRF:0
BRH:0
end_of_record
TN:
SF:controllers\gameController.js
FN:5,(anonymous_0)
FN:16,(anonymous_1)
FN:27,(anonymous_2)
FN:68,(anonymous_3)
FN:77,(anonymous_4)
FN:85,(anonymous_5)
FN:88,(anonymous_6)
FN:97,(anonymous_7)
FNF:8
FNH:8
FNDA:3,(anonymous_0)
FNDA:1,(anonymous_1)
FNDA:11,(anonymous_2)
FNDA:1,(anonymous_3)
FNDA:2,(anonymous_4)
FNDA:1,(anonymous_5)
FNDA:2,(anonymous_6)
FNDA:4,(anonymous_7)
DA:1,2
DA:2,2
DA:3,2
DA:5,2
DA:6,3
DA:7,3
DA:8,3
DA:9,3
DA:11,0
DA:12,0
DA:16,2
DA:17,1
DA:18,1
DA:19,1
DA:20,1
DA:22,0
DA:23,0
DA:27,2
DA:28,11
DA:29,11
DA:31,11
DA:33,11
DA:34,9
DA:40,9
DA:41,9
DA:44,2
DA:46,2
DA:47,2
DA:49,0
DA:52,2
DA:53,1
DA:60,2
DA:63,0
DA:64,0
DA:68,2
DA:69,1
DA:71,1
DA:72,1
DA:73,1
DA:75,0
DA:77,2
DA:78,1
DA:80,0
DA:81,0
DA:85,2
DA:86,1
DA:87,1
DA:88,1
DA:90,2
DA:91,2
DA:93,0
DA:95,2
DA:97,4
DA:100,1
DA:101,1
DA:103,0
DA:104,0
LF:57
LH:44
BRDA:33,0,0,9
BRDA:33,0,1,2
BRDA:46,1,0,2
BRDA:46,1,1,0
BRDA:52,2,0,1
BRDA:52,2,1,1
BRDA:72,3,0,1
BRDA:72,3,1,0
BRDA:90,4,0,2
BRDA:90,4,1,0
BRF:10
BRH:7
end_of_record
TN:
SF:controllers\infoController.js
FN:3,(anonymous_0)
FN:13,(anonymous_1)
FNF:2
FNH:0
FNDA:0,(anonymous_0)
FNDA:0,(anonymous_1)
DA:1,2
DA:3,2
DA:4,0
DA:5,0
DA:6,0
DA:8,0
DA:9,0
DA:13,2
DA:14,0
DA:15,0
DA:16,0
DA:17,0
DA:19,0
DA:20,0
LF:14
LH:3
BRF:0
BRH:0
end_of_record
TN:
SF:models\Event.js
FNF:0
FNH:0
DA:1,2
DA:3,2
DA:37,2
LF:3
LH:3
BRF:0
BRH:0
end_of_record
TN:
SF:models\Record.js
FNF:0
FNH:0
DA:1,2
DA:3,2
DA:22,2
LF:3
LH:3
BRF:0
BRH:0
end_of_record
TN:
SF:models\User.js
FNF:0
FNH:0
DA:1,2
DA:3,2
DA:14,2
LF:3
LH:3
BRF:0
BRH:0
end_of_record
TN:
SF:routes\routes.js
FNF:0
FNH:0
DA:1,2
DA:2,2
DA:3,2
DA:4,2
DA:75,2
DA:100,2
DA:132,2
DA:159,2
DA:186,2
DA:188,2
DA:189,2
DA:191,2
LF:12
LH:12
BRF:0
BRH:0
end_of_record
